2025-02-21 21:02:30,335 - DEBUG - Starting server on port 8888
2025-02-21 21:02:30,335 - DEBUG - Current working directory: /root/Projects/GTM
2025-02-21 21:02:30,336 - DEBUG - Client directory: /root/Projects/GTM/src/client
2025-02-21 21:02:30,336 - DEBUG - Data directory: /root/Projects/GTM/data
2025-02-21 21:02:30,336 - INFO - Server running on 0.0.0.0:8888
2025-02-21 21:02:30,336 - INFO - Try accessing via:
2025-02-21 21:02:30,338 - INFO - - http://localhost:8888
2025-02-21 21:02:30,338 - INFO - - http://127.0.0.1:8888
2025-02-21 21:02:30,338 - INFO - - http://[your-ip]:8888
2025-02-21 21:08:52,082 - DEBUG - Starting server on port 8888
2025-02-21 21:08:52,083 - DEBUG - Current working directory: /root/Projects/GTM
2025-02-21 21:08:52,083 - DEBUG - Client directory: /root/Projects/GTM/src/client
2025-02-21 21:08:52,083 - DEBUG - Data directory: /root/Projects/GTM/data
2025-02-21 21:08:52,083 - INFO - Server running on 0.0.0.0:8888
2025-02-21 21:08:52,084 - INFO - Try accessing via:
2025-02-21 21:08:52,084 - INFO - - http://localhost:8888
2025-02-21 21:08:52,084 - INFO - - http://127.0.0.1:8888
2025-02-21 21:08:52,084 - INFO - - http://[your-ip]:8888
2025-02-21 21:08:53,322 - INFO - GET request: /
2025-02-21 21:08:53,367 - INFO - GET request: /css/styles.css
2025-02-21 21:08:53,382 - INFO - GET request: /js/imageManager.js
2025-02-21 21:08:53,384 - INFO - GET request: /js/config.js
2025-02-21 21:08:53,385 - INFO - GET request: /css/loading-spinner.gif
2025-02-21 21:08:53,386 - INFO - GET request: /js/script.js
2025-02-21 21:08:53,388 - INFO - GET request: /js/movieDb.js
2025-02-21 21:08:53,416 - INFO - GET request: /data/movies/Furiosa_A_Mad_Max_Saga_2024.jpg
2025-02-21 21:08:53,552 - INFO - GET request: /data/movies.json
2025-02-21 21:08:53,670 - INFO - GET request: /data/movies/gm19e45189.jpg
2025-02-21 21:08:53,831 - INFO - GET request: /data/movies/gmd0351d5a.jpg
2025-02-21 21:08:53,866 - INFO - GET request: /data/movies/gmb76b0823.jpg
2025-02-21 21:08:53,892 - INFO - GET request: /data/movies/gm462782ac.jpg
2025-02-21 21:08:54,235 - INFO - GET request: /data/movies/gm8a65f1d0.jpg
2025-02-21 21:08:54,255 - INFO - GET request: /data/movies/gm56c63be4.jpg
2025-02-21 21:08:54,270 - INFO - GET request: /data/movies/gmc04c51a6.jpg
2025-02-21 21:09:12,941 - INFO - GET request: /data/movies/gm93834ee9.jpg
2025-02-21 21:09:12,989 - INFO - GET request: /data/movies/gm0e4e1dae.jpg
2025-02-21 21:09:13,048 - INFO - GET request: /data/movies/gmab2b84ae.jpg
2025-02-21 21:09:13,070 - INFO - GET request: /data/movies/gm0f93f06a.jpg
2025-02-21 21:09:24,050 - INFO - GET request: /
2025-02-21 21:09:24,107 - INFO - GET request: /css/styles.css
2025-02-21 21:09:24,155 - INFO - GET request: /js/config.js
2025-02-21 21:09:24,156 - INFO - GET request: /js/imageManager.js
2025-02-21 21:09:24,158 - INFO - GET request: /js/movieDb.js
2025-02-21 21:09:24,159 - INFO - GET request: /js/script.js
2025-02-21 21:09:24,212 - INFO - GET request: /css/loading-spinner.gif
2025-02-21 21:09:24,555 - INFO - GET request: /data/movies.json
2025-02-21 21:09:24,561 - INFO - GET request: /data/movies/Furiosa_A_Mad_Max_Saga_2024.jpg
2025-02-21 21:09:24,648 - INFO - GET request: /data/movies/gmc4fffd8e.jpg
2025-02-21 21:09:24,818 - INFO - GET request: /data/movies/gm19e45189.jpg
2025-02-21 21:09:24,878 - INFO - GET request: /data/movies/gm2153f47d.jpg
2025-02-21 21:09:24,905 - INFO - GET request: /data/movies/gm17fe834d.jpg
2025-02-21 21:09:25,179 - INFO - GET request: /data/movies/gmc630fb51.jpg
2025-02-21 21:09:25,219 - INFO - GET request: /data/movies/gm8b49d2c1.jpg
2025-02-21 21:09:25,244 - INFO - GET request: /data/movies/gm08eb1940.jpg
2025-02-21 21:09:31,431 - INFO - GET request: /data/movies/gmdb88a36c.jpg
2025-02-21 21:09:31,596 - INFO - GET request: /data/movies/gm89352800.jpg
2025-02-21 21:09:31,718 - INFO - GET request: /data/movies/gm05f12cb3.jpg
2025-02-21 21:09:31,770 - INFO - GET request: /data/movies/gm594b4402.jpg
2025-02-21 21:09:31,830 - INFO - GET request: /data/movies/gmfadd09d6.jpg
2025-02-21 21:09:31,998 - INFO - GET request: /data/movies/gm3d0efb5e.jpg
2025-02-21 21:09:32,247 - INFO - GET request: /data/movies/gm7d896835.jpg
2025-02-21 21:09:32,400 - INFO - GET request: /data/movies/gmdb88a36c.jpg
2025-02-21 21:09:32,482 - INFO - GET request: /data/movies/gma9486e35.jpg
2025-02-21 21:09:32,846 - INFO - GET request: /data/movies/gmc0972f99.jpg
2025-02-21 21:09:32,919 - INFO - GET request: /data/movies/gm31d34b38.jpg
2025-02-21 21:09:33,022 - INFO - GET request: /data/movies/gmc19f1a61.jpg
2025-02-21 21:09:33,054 - INFO - GET request: /data/movies/gm639c8571.jpg
2025-02-21 21:09:33,354 - INFO - GET request: /data/movies/gm653a8475.jpg
2025-02-21 21:09:33,569 - INFO - GET request: /data/movies/gm8b49d2c1.jpg
2025-02-21 21:09:33,993 - INFO - GET request: /data/movies/gm19e45189.jpg
2025-02-21 21:09:34,203 - INFO - GET request: /data/movies/gmfadd09d6.jpg
2025-02-21 21:09:34,410 - INFO - GET request: /data/movies/gmc630fb51.jpg
2025-02-21 21:09:34,612 - INFO - GET request: /data/movies/gma9486e35.jpg
2025-02-21 21:09:34,825 - INFO - GET request: /data/movies/gmc0972f99.jpg
2025-02-21 21:09:35,243 - INFO - GET request: /data/movies/gm31d34b38.jpg
2025-02-21 21:09:35,471 - INFO - GET request: /data/movies/gm05f12cb3.jpg
2025-02-21 21:09:35,675 - INFO - GET request: /data/movies/gmdb88a36c.jpg
2025-02-21 21:09:35,876 - INFO - GET request: /data/movies/gm08eb1940.jpg
2025-02-21 21:09:36,293 - INFO - GET request: /data/movies/gm8b49d2c1.jpg
2025-02-21 21:09:45,697 - INFO - GET request: /
2025-02-21 21:09:45,748 - INFO - GET request: /css/loading-spinner.gif
2025-02-21 21:09:45,984 - INFO - GET request: /data/movies.json
2025-02-21 21:09:46,233 - INFO - GET request: /data/movies/gmb9c8b1a0.jpg
2025-02-21 21:09:46,400 - INFO - GET request: /data/movies/gmec733e12.jpg
2025-02-21 21:09:46,469 - INFO - GET request: /data/movies/gme643729c.jpg
2025-02-21 21:09:46,490 - INFO - GET request: /data/movies/gm48357c2b.jpg
2025-02-21 21:09:46,586 - INFO - GET request: /data/movies/gme38e6261.jpg
2025-02-21 21:09:46,634 - INFO - GET request: /data/movies/gmbe95acb9.jpg
2025-02-21 21:09:46,765 - INFO - GET request: /data/movies/gm3ad3a514.jpg
2025-02-21 21:09:57,378 - INFO - GET request: /data/movies/gm19735676.jpg
2025-02-21 21:09:57,476 - INFO - GET request: /data/movies/gm017f9a97.jpg
2025-02-21 21:09:57,513 - INFO - GET request: /data/movies/gm95aa3aa4.jpg
2025-02-21 21:09:57,515 - INFO - GET request: /data/movies/gma8d7851b.jpg
2025-02-21 21:09:57,662 - INFO - GET request: /data/movies/gmc9a7f178.jpg
2025-02-21 21:09:57,708 - INFO - GET request: /data/movies/gm3ad3a514.jpg
2025-02-21 21:09:57,862 - INFO - GET request: /data/movies/gm2ae4dc1c.jpg
2025-02-21 21:09:58,010 - INFO - GET request: /data/movies/gm63dc7250.jpg
2025-02-21 21:09:58,051 - INFO - GET request: /data/movies/gm0258e4a1.jpg
2025-02-21 21:09:58,124 - INFO - GET request: /data/movies/gm21712215.jpg
2025-02-21 21:09:58,267 - INFO - GET request: /data/movies/gm4501cdb5.jpg
2025-02-21 21:09:58,335 - INFO - GET request: /data/movies/gmec733e12.jpg
2025-02-21 21:09:58,427 - INFO - GET request: /data/movies/gm7de881f9.jpg
2025-02-21 21:09:58,547 - INFO - GET request: /data/movies/gm81f68ed6.jpg
2025-02-21 21:09:59,292 - INFO - GET request: /data/movies/gme643729c.jpg
2025-02-21 21:09:59,510 - INFO - GET request: /data/movies/gm3ad3a514.jpg
2025-02-21 21:09:59,544 - INFO - GET request: /data/movies/gm6276188b.jpg
2025-02-21 21:09:59,718 - INFO - GET request: /data/movies/gma8d7851b.jpg
2025-02-21 21:09:59,935 - INFO - GET request: /data/movies/gm48357c2b.jpg
2025-02-21 21:10:00,777 - INFO - GET request: /data/movies/gm017f9a97.jpg
2025-02-21 21:10:01,407 - INFO - GET request: /data/movies/gm63dc7250.jpg
2025-02-21 21:10:01,810 - INFO - GET request: /data/movies/gme38e6261.jpg
2025-02-21 21:10:02,008 - INFO - GET request: /data/movies/gm19735676.jpg
2025-02-21 21:10:09,224 - INFO - GET request: /
2025-02-21 21:10:09,261 - INFO - GET request: /css/loading-spinner.gif
2025-02-21 21:10:09,410 - INFO - GET request: /data/movies.json
2025-02-21 21:10:09,581 - INFO - GET request: /data/movies/gma6e95d41.jpg
2025-02-21 21:10:09,700 - INFO - GET request: /data/movies/gm94c29987.jpg
2025-02-21 21:10:09,717 - INFO - GET request: /data/movies/gm56c63be4.jpg
2025-02-21 21:10:09,757 - INFO - GET request: /data/movies/gm158dcabf.jpg
2025-02-21 21:10:09,838 - INFO - GET request: /data/movies/gm7eaae010.jpg
2025-02-21 21:10:09,872 - INFO - GET request: /data/movies/gm5abadb39.jpg
2025-02-21 21:10:09,929 - INFO - GET request: /data/movies/gma9486e35.jpg
2025-02-21 21:10:18,416 - INFO - GET request: /data/movies/gm7787d8c3.jpg
2025-02-21 21:10:18,525 - INFO - GET request: /data/movies/gma0dcf269.jpg
2025-02-21 21:10:18,547 - INFO - GET request: /data/movies/gme9d1b4aa.jpg
2025-02-21 21:10:18,640 - INFO - GET request: /data/movies/gmd0a9542e.jpg
2025-02-21 21:10:19,036 - INFO - GET request: /data/movies/gma9486e35.jpg
2025-02-21 21:10:19,080 - INFO - GET request: /data/movies/gm93834ee9.jpg
2025-02-21 21:10:19,091 - INFO - GET request: /data/movies/gmba072f06.jpg
2025-02-21 21:10:19,195 - INFO - GET request: /data/movies/gmc9a7f178.jpg
2025-02-21 21:10:19,593 - INFO - GET request: /data/movies/gm7eaae010.jpg
2025-02-21 21:10:19,605 - ERROR - Error serving data file: [Errno 32] Broken pipe
2025-02-21 21:10:19,606 - ERROR - Error handling GET request: [Errno 32] Broken pipe
2025-02-21 21:10:19,623 - INFO - GET request: /data/movies/gm5abadb39.jpg
2025-02-21 21:10:19,692 - INFO - GET request: /data/movies/gm8af9fd57.jpg
2025-02-21 21:10:19,723 - INFO - GET request: /data/movies/gma2c49130.jpg
2025-02-21 21:10:19,757 - INFO - GET request: /data/movies/gmde3d25c3.jpg
2025-02-21 21:10:19,771 - INFO - GET request: /data/movies/gm7b2c904e.jpg
2025-02-21 21:10:19,877 - INFO - GET request: /data/movies/gm9b7be14a.jpg
2025-02-21 21:10:20,015 - INFO - GET request: /data/movies/gm64a8b59b.jpg
2025-02-21 21:10:20,238 - INFO - GET request: /data/movies/gm158dcabf.jpg
2025-02-21 21:10:22,121 - INFO - GET request: /data/movies/gm7eaae010.jpg
2025-02-21 21:10:22,755 - INFO - GET request: /data/movies/gm94c29987.jpg
2025-02-21 21:10:44,288 - INFO - GET request: /data/movies/gm07bb1c04.jpg
2025-02-21 21:10:44,289 - INFO - GET request: /data/movies/gm19e45189.jpg
2025-02-21 21:10:44,325 - INFO - GET request: /data/movies/gm3d0efb5e.jpg
2025-02-21 21:10:44,448 - INFO - GET request: /data/movies/gm21712215.jpg
2025-02-21 21:10:56,842 - INFO - GET request: /data/movies/gmc4fffd8e.jpg
2025-02-21 21:10:56,858 - INFO - GET request: /data/movies/gm462782ac.jpg
2025-02-21 21:10:56,877 - INFO - GET request: /data/movies/gmdec667c6.jpg
2025-02-21 21:11:15,850 - INFO - GET request: /data/movies/gm56c63be4.jpg
2025-02-21 21:11:15,867 - INFO - GET request: /data/movies/gm554747f7.jpg
2025-02-21 21:11:27,818 - INFO - GET request: /data/movies/gme9d1b4aa.jpg
2025-02-21 21:11:28,014 - INFO - GET request: /data/movies/gmb76b0823.jpg
2025-02-21 21:11:28,223 - INFO - GET request: /data/movies/gm56c63be4.jpg
2025-02-21 21:11:28,246 - INFO - GET request: /data/movies/gm49fad91c.jpg
2025-02-21 21:11:28,439 - INFO - GET request: /data/movies/gmdec667c6.jpg
2025-02-21 21:11:28,641 - INFO - GET request: /data/movies/gm59b47f4a.jpg
2025-02-21 21:11:29,130 - INFO - GET request: /data/movies/gmab2b84ae.jpg
2025-02-21 21:11:29,324 - INFO - GET request: /data/movies/gmc04c51a6.jpg
2025-02-21 21:11:29,532 - INFO - GET request: /data/movies/gm8a65f1d0.jpg
2025-02-21 21:11:29,740 - INFO - GET request: /data/movies/gm0e4e1dae.jpg
2025-02-21 21:11:30,159 - INFO - GET request: /data/movies/gm462782ac.jpg
2025-02-21 21:11:30,363 - INFO - GET request: /data/movies/gm07bb1c04.jpg
2025-02-21 21:11:30,789 - INFO - GET request: /data/movies/gm21712215.jpg
2025-02-21 21:11:30,995 - INFO - GET request: /data/movies/gm19e45189.jpg
2025-02-21 21:11:31,201 - INFO - GET request: /data/movies/gm93834ee9.jpg
2025-02-21 21:11:31,406 - INFO - GET request: /data/movies/gmc4fffd8e.jpg
2025-02-21 21:11:31,621 - INFO - GET request: /data/movies/gm49fad91c.jpg
2025-02-21 21:11:31,823 - INFO - GET request: /data/movies/gm462782ac.jpg
2025-02-21 21:11:32,036 - INFO - GET request: /data/movies/gm59b47f4a.jpg
2025-02-21 21:11:32,291 - INFO - GET request: /data/movies/gm56c63be4.jpg
2025-02-21 21:11:32,560 - INFO - GET request: /data/movies/gmb76b0823.jpg
2025-02-21 21:11:33,027 - INFO - GET request: /data/movies/gmdec667c6.jpg
2025-02-21 21:12:19,201 - INFO - GET request: /
2025-02-21 21:12:19,203 - INFO - GET request: /
2025-02-21 21:12:19,223 - INFO - GET request: /css/styles.css
2025-02-21 21:12:19,233 - INFO - GET request: /js/script.js
2025-02-21 21:12:19,234 - INFO - GET request: /js/imageManager.js
2025-02-21 21:12:19,236 - INFO - GET request: /css/loading-spinner.gif
2025-02-21 21:12:19,273 - INFO - GET request: /data/movies.json
2025-02-21 21:12:19,536 - INFO - GET request: /data/movies/gm79781109.jpg
2025-02-21 21:12:19,605 - INFO - GET request: /data/movies/gm95aa3aa4.jpg
2025-02-21 21:12:19,606 - INFO - GET request: /data/movies/gmcc9dcb79.jpg
2025-02-21 21:12:19,629 - INFO - GET request: /data/movies/gm5992b6aa.jpg
2025-02-21 21:12:19,689 - INFO - GET request: /data/movies/gm5683e167.jpg
2025-02-21 21:12:19,730 - INFO - GET request: /data/movies/gmd8b36b92.jpg
2025-02-21 21:12:20,034 - INFO - GET request: /data/movies/gmb868f954.jpg
2025-02-21 21:12:31,684 - INFO - GET request: /
2025-02-21 21:12:31,765 - INFO - GET request: /css/styles.css
2025-02-21 21:12:31,779 - INFO - GET request: /js/imageManager.js
2025-02-21 21:12:31,780 - INFO - GET request: /css/loading-spinner.gif
2025-02-21 21:12:31,784 - INFO - GET request: /js/script.js
2025-02-21 21:12:31,974 - INFO - GET request: /data/movies.json
2025-02-21 21:12:32,534 - INFO - GET request: /data/movies/gm5683e167.jpg
2025-02-21 21:12:33,533 - INFO - GET request: /data/movies/gmd7adeeac.jpg
2025-02-21 21:12:33,581 - INFO - GET request: /data/movies/gmc482f52f.jpg
2025-02-21 21:12:33,693 - INFO - GET request: /data/movies/gm74b63b48.jpg
2025-02-21 21:12:34,351 - INFO - GET request: /data/movies/gm5204bd42.jpg
2025-02-21 21:12:34,459 - INFO - GET request: /data/movies/gmdb83e623.jpg
2025-02-21 21:12:34,549 - INFO - GET request: /data/movies/gm2153f47d.jpg
2025-02-21 21:12:38,623 - INFO - GET request: /data/movies/gm3d0efb5e.jpg
2025-02-21 21:12:38,756 - INFO - GET request: /data/movies/gm9276d440.jpg
2025-02-21 21:12:38,866 - INFO - GET request: /data/movies/gm6697a933.jpg
2025-02-21 21:12:38,881 - INFO - GET request: /data/movies/gm3eae72cc.jpg
2025-02-21 21:12:39,126 - INFO - GET request: /data/movies/gm69cc21fe.jpg
2025-02-21 21:12:52,521 - INFO - GET request: /data/movies/gm5d528698.jpg
2025-02-21 21:12:52,611 - INFO - GET request: /data/movies/gm54cfd08b.jpg
2025-02-21 21:12:52,931 - INFO - GET request: /data/movies/gm7fa952a6.jpg
2025-02-21 21:12:52,958 - INFO - GET request: /data/movies/gme38e6261.jpg
2025-02-21 21:12:53,331 - INFO - GET request: /data/movies/gm2c33e0c3.jpg
2025-02-21 21:12:57,770 - INFO - GET request: /data/movies/gm2fa27b09.jpg
2025-02-21 21:12:57,821 - INFO - GET request: /data/movies/gm6697a933.jpg
2025-02-21 21:13:16,783 - INFO - GET request: /data/movies/gm151ecbf4.jpg
2025-02-21 21:13:16,849 - INFO - GET request: /data/movies/gm70188fd3.jpg
2025-02-21 21:13:16,935 - INFO - GET request: /data/movies/gma1df0ad7.jpg
2025-02-21 21:13:16,951 - INFO - GET request: /data/movies/gm6b67748f.jpg
2025-02-21 21:13:35,848 - INFO - GET request: /data/movies/gm3565aa3f.jpg
2025-02-21 21:13:35,954 - INFO - GET request: /data/movies/gm7dad8777.jpg
2025-02-21 21:13:54,970 - INFO - GET request: /data/movies/gm95aa3aa4.jpg
2025-02-21 21:14:13,987 - INFO - GET request: /data/movies/gma0dcf269.jpg
2025-02-21 21:14:14,008 - INFO - GET request: /data/movies/gma1df0ad7.jpg
2025-02-21 21:14:32,993 - INFO - GET request: /data/movies/gm7dad8777.jpg
2025-02-21 21:14:52,005 - INFO - GET request: /data/movies/gm6b67748f.jpg
2025-02-21 21:15:11,024 - INFO - GET request: /data/movies/gma1df0ad7.jpg
2025-02-21 21:15:30,035 - INFO - GET request: /data/movies/gm6697a933.jpg
2025-02-21 21:15:49,048 - INFO - GET request: /data/movies/gma1df0ad7.jpg
2025-02-21 21:16:08,066 - INFO - GET request: /data/movies/gma0dcf269.jpg
2025-02-21 21:16:27,078 - INFO - GET request: /data/movies/gm2fa27b09.jpg
2025-02-21 21:16:31,807 - INFO - GET request: /data/movies/gm8f592452.jpg
2025-02-21 21:16:31,919 - INFO - GET request: /data/movies/gm79781109.jpg
2025-02-21 21:16:45,676 - DEBUG - Starting server on port 8888
2025-02-21 21:16:45,676 - DEBUG - Current working directory: /root/Projects/GTM
2025-02-21 21:16:45,676 - DEBUG - Client directory: /root/Projects/GTM/src/client
2025-02-21 21:16:45,676 - DEBUG - Data directory: /root/Projects/GTM/data
2025-02-21 21:16:45,677 - INFO - Server running on 0.0.0.0:8888
2025-02-21 21:16:45,677 - INFO - Try accessing via:
2025-02-21 21:16:45,677 - INFO - - http://localhost:8888
2025-02-21 21:16:45,677 - INFO - - http://127.0.0.1:8888
2025-02-21 21:16:45,678 - INFO - - http://[your-ip]:8888
2025-02-21 21:16:50,924 - INFO - GET request: /data/movies/gm2fa27b09.jpg
2025-02-21 21:16:50,981 - INFO - GET request: /data/movies/gm7fa952a6.jpg
2025-02-21 21:16:51,074 - INFO - GET request: /data/movies/gm0f93f06a.jpg
2025-02-21 21:16:51,109 - INFO - GET request: /data/movies/gm7b2c904e.jpg
2025-02-21 21:17:09,925 - INFO - GET request: /data/movies/gm7e79bc0f.jpg
2025-02-21 21:17:09,929 - INFO - GET request: /data/movies/gmdb83e623.jpg
2025-02-21 21:17:25,457 - INFO - GET request: /
2025-02-21 21:17:25,529 - INFO - GET request: /css/styles.css
2025-02-21 21:17:25,543 - INFO - GET request: /js/script.js
2025-02-21 21:17:25,544 - INFO - GET request: /js/imageManager.js
2025-02-21 21:17:25,842 - INFO - GET request: /data/movies/Furiosa_A_Mad_Max_Saga_2024.jpg
2025-02-21 21:17:25,935 - INFO - GET request: /data/movies.json
2025-02-21 21:17:26,019 - INFO - GET request: /data/movies/gmc4fffd8e.jpg
2025-02-21 21:17:26,128 - INFO - GET request: /data/movies/gm18e3b884.jpg
2025-02-21 21:17:26,179 - INFO - GET request: /data/movies/gm826f54e9.jpg
2025-02-21 21:17:26,202 - INFO - GET request: /data/movies/gm19735676.jpg
2025-02-21 21:17:26,662 - INFO - GET request: /data/movies/gm0729e5a3.jpg
2025-02-21 21:17:26,700 - INFO - GET request: /data/movies/gmd0f071e5.jpg
2025-02-21 21:17:26,702 - INFO - GET request: /data/movies/gmecc3d0d2.jpg
2025-02-21 21:17:45,351 - INFO - GET request: /data/movies/gmf80686bc.jpg
2025-02-21 21:17:45,458 - INFO - GET request: /data/movies/gme57c04da.jpg
2025-02-21 21:17:45,504 - INFO - GET request: /data/movies/gm639c8571.jpg
2025-02-21 21:17:45,614 - INFO - GET request: /data/movies/gmdec667c6.jpg
2025-02-21 21:17:45,663 - INFO - GET request: /data/movies/gm73817a1d.jpg
2025-02-21 21:17:45,686 - INFO - GET request: /data/movies/gmb9c8b1a0.jpg
2025-02-21 21:18:01,106 - INFO - GET request: /
2025-02-21 21:18:01,172 - INFO - GET request: /css/styles.css
2025-02-21 21:18:01,173 - INFO - GET request: /js/config.js
2025-02-21 21:18:01,175 - INFO - GET request: /js/imageManager.js
2025-02-21 21:18:01,177 - INFO - GET request: /js/movieDb.js
2025-02-21 21:18:01,180 - INFO - GET request: /js/script.js
2025-02-21 21:18:01,207 - INFO - GET request: /data/movies/Furiosa_A_Mad_Max_Saga_2024.jpg
2025-02-21 21:18:01,309 - INFO - GET request: /data/movies.json
2025-02-21 21:18:01,705 - INFO - GET request: /data/movies/gm7eaae010.jpg
2025-02-21 21:18:01,783 - INFO - GET request: /data/movies/gm94c6d027.jpg
2025-02-21 21:18:01,825 - INFO - GET request: /data/movies/gm3b267a7a.jpg
2025-02-21 21:18:01,854 - INFO - GET request: /data/movies/gm1e9e0e14.jpg
2025-02-21 21:18:01,930 - INFO - GET request: /data/movies/gm8b49d2c1.jpg
2025-02-21 21:18:01,959 - INFO - GET request: /data/movies/gmc546bcc7.jpg
2025-02-21 21:18:01,983 - INFO - GET request: /data/movies/gmba072f06.jpg
2025-02-21 21:18:20,795 - INFO - GET request: /data/movies/gm826f54e9.jpg
2025-02-21 21:18:20,878 - INFO - GET request: /data/movies/gm545b5b63.jpg
2025-02-21 21:18:20,902 - INFO - GET request: /data/movies/gm1451642c.jpg
2025-02-21 21:18:20,918 - INFO - GET request: /data/movies/gmc04c51a6.jpg
2025-02-21 21:18:21,027 - INFO - GET request: /data/movies/gm7787d8c3.jpg
2025-02-21 21:18:22,615 - INFO - GET request: /data/movies/gm18e3b884.jpg
2025-02-21 21:18:22,650 - INFO - GET request: /data/movies/gmdb88a36c.jpg
2025-02-21 21:18:22,820 - INFO - GET request: /data/movies/gma0dcf269.jpg
2025-02-21 21:19:17,336 - INFO - GET request: /
2025-02-21 21:19:17,364 - INFO - GET request: /css/styles.css
2025-02-21 21:19:17,401 - INFO - GET request: /js/imageManager.js
2025-02-21 21:19:17,403 - INFO - GET request: /js/config.js
2025-02-21 21:19:17,404 - INFO - GET request: /js/movieDb.js
2025-02-21 21:19:17,406 - INFO - GET request: /js/script.js
2025-02-21 21:19:17,555 - INFO - GET request: /data/movies/Furiosa_A_Mad_Max_Saga_2024.jpg
2025-02-21 21:19:17,676 - INFO - GET request: /data/movies.json
2025-02-21 21:19:17,770 - INFO - GET request: /data/movies/gm81f68ed6.jpg
2025-02-21 21:19:17,981 - INFO - GET request: /data/movies/gm7eaae010.jpg
2025-02-21 21:19:18,035 - INFO - GET request: /data/movies/gmaf4ce5b6.jpg
2025-02-21 21:19:18,080 - INFO - GET request: /data/movies/gmd0f071e5.jpg
2025-02-21 21:19:18,174 - INFO - GET request: /data/movies/gm94c29987.jpg
2025-02-21 21:19:18,213 - INFO - GET request: /data/movies/gm231f4fa3.jpg
2025-02-21 21:19:18,282 - INFO - GET request: /data/movies/gmd7adeeac.jpg
2025-02-21 21:19:36,988 - INFO - GET request: /data/movies/gmfeea8489.jpg
2025-02-21 21:19:37,106 - INFO - GET request: /data/movies/gma1d5c1cd.jpg
2025-02-21 21:19:37,141 - INFO - GET request: /data/movies/gm4d3327bf.jpg
2025-02-21 21:19:37,157 - INFO - GET request: /data/movies/gm068aa981.jpg
2025-02-21 21:19:37,250 - INFO - GET request: /data/movies/gm94c6d027.jpg
2025-02-21 21:19:37,286 - INFO - GET request: /data/movies/gm8bd0d959.jpg
2025-02-21 21:19:37,322 - INFO - GET request: /data/movies/gm8ef6d1b7.jpg
2025-02-21 21:19:39,885 - INFO - GET request: /data/movies/gm70188fd3.jpg
2025-02-21 21:19:57,933 - INFO - GET request: /data/movies/gmab2b84ae.jpg
2025-02-21 21:19:58,038 - INFO - GET request: /data/movies/gm7dad8777.jpg
2025-02-21 21:19:58,905 - INFO - GET request: /data/movies/gm9276d440.jpg
2025-02-21 21:20:12,088 - INFO - GET request: /data/movies/gmaf4ce5b6.jpg
2025-02-21 21:20:12,557 - INFO - GET request: /data/movies/gm7dad8777.jpg
2025-02-21 21:20:12,627 - INFO - GET request: /data/movies/gm8ba7faa2.jpg
2025-02-21 21:20:12,707 - INFO - GET request: /data/movies/gme38e6261.jpg
2025-02-21 21:20:12,998 - INFO - GET request: /data/movies/gm8f592452.jpg
2025-02-21 21:20:13,112 - INFO - GET request: /data/movies/gmc546bcc7.jpg
2025-02-21 21:20:13,311 - INFO - GET request: /data/movies/gm4d3327bf.jpg
2025-02-21 21:20:13,947 - INFO - GET request: /data/movies/gmd7adeeac.jpg
2025-02-21 21:20:14,363 - INFO - GET request: /data/movies/gmaf4ce5b6.jpg
2025-02-21 21:20:14,574 - INFO - GET request: /data/movies/gm7eaae010.jpg
2025-02-21 21:20:15,856 - INFO - GET request: /data/movies/gmd0f071e5.jpg
2025-02-21 21:20:16,281 - INFO - GET request: /data/movies/gm068aa981.jpg
2025-02-21 21:20:16,706 - INFO - GET request: /data/movies/gm7dad8777.jpg
2025-02-21 21:20:17,014 - INFO - GET request: /data/movies/gmab2b84ae.jpg
2025-02-21 21:20:17,339 - INFO - GET request: /data/movies/gmaf4ce5b6.jpg
2025-02-21 21:20:17,645 - INFO - GET request: /data/movies/gm8f592452.jpg
2025-02-21 21:20:26,489 - INFO - GET request: /
2025-02-21 21:20:26,491 - INFO - GET request: /
2025-02-21 21:20:26,545 - INFO - GET request: /css/styles.css
2025-02-21 21:20:26,698 - INFO - GET request: /data/movies.json
2025-02-21 21:20:26,972 - INFO - GET request: /data/movies/gm7fa952a6.jpg
2025-02-21 21:20:27,066 - INFO - GET request: /data/movies/gmeb620cd6.jpg
2025-02-21 21:20:27,100 - INFO - GET request: /data/movies/gmed65d6ac.jpg
2025-02-21 21:20:27,137 - INFO - GET request: /data/movies/gm5650df22.jpg
2025-02-21 21:20:27,223 - INFO - GET request: /data/movies/gm5204bd42.jpg
2025-02-21 21:20:27,268 - INFO - GET request: /data/movies/gm18fa16c0.jpg
2025-02-21 21:20:27,341 - INFO - GET request: /data/movies/gm5feb2640.jpg
2025-02-21 21:20:46,045 - INFO - GET request: /data/movies/gmc4a09711.jpg
2025-02-21 21:20:46,130 - INFO - GET request: /data/movies/gm459c7da1.jpg
2025-02-21 21:20:46,181 - INFO - GET request: /data/movies/gmba69acc7.jpg
2025-02-21 21:20:46,198 - INFO - GET request: /data/movies/gmc482f52f.jpg
2025-02-21 21:20:46,295 - INFO - GET request: /data/movies/gmb9c8b1a0.jpg
2025-02-21 21:20:46,334 - INFO - GET request: /data/movies/gm7eaae010.jpg
2025-02-21 21:21:05,143 - INFO - GET request: /data/movies/gm18fa16c0.jpg
2025-02-21 21:21:05,207 - INFO - GET request: /data/movies/gm3fa796de.jpg
2025-02-21 21:21:24,165 - INFO - GET request: /data/movies/gmcffc7e1d.jpg
2025-02-21 21:21:24,320 - INFO - GET request: /data/movies/gm38f3fe84.jpg
2025-02-21 21:21:24,399 - INFO - GET request: /data/movies/gm1b18e4aa.jpg
2025-02-21 21:21:43,326 - INFO - GET request: /data/movies/gmed65d6ac.jpg
2025-02-21 21:22:02,345 - INFO - GET request: /data/movies/gm5650df22.jpg
2025-02-21 21:22:05,017 - INFO - GET request: /favicon.ico
2025-02-21 21:22:27,550 - INFO - GET request: /data/movies/gm7eaae010.jpg
2025-02-21 21:22:27,637 - INFO - GET request: /data/movies/gme419b3fa.jpg
2025-02-21 21:22:29,320 - INFO - GET request: /css/styles.css
2025-02-21 21:22:46,661 - INFO - GET request: /data/movies/gm4de10230.jpg
2025-02-21 21:23:05,790 - INFO - GET request: /data/movies/gm232cc87e.jpg
2025-02-21 21:23:05,838 - INFO - GET request: /data/movies/gm5650df22.jpg
2025-02-21 21:23:24,806 - INFO - GET request: /data/movies/gm459c7da1.jpg
2025-02-21 21:23:38,820 - DEBUG - Starting server on port 8888
2025-02-21 21:23:38,820 - DEBUG - Current working directory: /root/Projects/GTM
2025-02-21 21:23:38,821 - DEBUG - Client directory: /root/Projects/GTM/src/client
2025-02-21 21:23:38,821 - DEBUG - Data directory: /root/Projects/GTM/data
2025-02-21 21:23:38,822 - INFO - Server running on 0.0.0.0:8888
2025-02-21 21:23:38,823 - INFO - Try accessing via:
2025-02-21 21:23:38,823 - INFO - - http://localhost:8888
2025-02-21 21:23:38,824 - INFO - - http://127.0.0.1:8888
2025-02-21 21:23:38,824 - INFO - - http://[your-ip]:8888
2025-02-21 21:23:44,519 - INFO - GET request: /data/movies/gm7eaae010.jpg
2025-02-21 21:24:03,532 - INFO - GET request: /data/movies/gm3fa796de.jpg
2025-02-21 21:24:18,201 - INFO - GET request: /data/movies/gm5650df22.jpg
2025-02-21 21:24:23,990 - INFO - GET request: /data/movies/gm232cc87e.jpg
2025-02-21 21:24:43,006 - INFO - GET request: /data/movies/gmcffc7e1d.jpg
2025-02-21 21:25:02,055 - INFO - GET request: /data/movies/gm7fa952a6.jpg
2025-02-21 21:25:21,048 - INFO - GET request: /data/movies/gm7eaae010.jpg
2025-02-21 21:25:40,058 - INFO - GET request: /data/movies/gmed65d6ac.jpg
2025-02-21 21:25:59,064 - INFO - GET request: /data/movies/gm18fa16c0.jpg
2025-02-21 21:26:18,087 - INFO - GET request: /data/movies/gm5feb2640.jpg
2025-02-21 21:26:20,072 - DEBUG - Starting server on port 8888
2025-02-21 21:26:20,072 - DEBUG - Current working directory: /root/Projects/GTM
2025-02-21 21:26:20,072 - DEBUG - Client directory: /root/Projects/GTM/src/client
2025-02-21 21:26:20,073 - DEBUG - Data directory: /root/Projects/GTM/data
2025-02-21 21:26:20,073 - INFO - Server running on 0.0.0.0:8888
2025-02-21 21:26:20,073 - INFO - Try accessing via:
2025-02-21 21:26:20,073 - INFO - - http://localhost:8888
2025-02-21 21:26:20,074 - INFO - - http://127.0.0.1:8888
2025-02-21 21:26:20,074 - INFO - - http://[your-ip]:8888
2025-02-21 21:28:29,937 - DEBUG - Starting server on port 8888
2025-02-21 21:28:29,938 - DEBUG - Current working directory: /root/Projects/GTM
2025-02-21 21:28:29,938 - DEBUG - Client directory: /root/Projects/GTM/src/client
2025-02-21 21:28:29,939 - DEBUG - Data directory: /root/Projects/GTM/data
2025-02-21 21:28:29,940 - INFO - Server running on 0.0.0.0:8888
2025-02-21 21:28:29,940 - INFO - Try accessing via:
2025-02-21 21:28:29,941 - INFO - - http://localhost:8888
2025-02-21 21:28:29,942 - INFO - - http://127.0.0.1:8888
2025-02-21 21:28:29,943 - INFO - - http://[your-ip]:8888
2025-02-21 21:28:30,904 - INFO - GET request: /
2025-02-21 21:28:31,006 - INFO - GET request: /css/styles.css
2025-02-21 21:28:31,028 - INFO - GET request: /js/config.js
2025-02-21 21:28:31,031 - INFO - GET request: /js/imageManager.js
2025-02-21 21:28:31,033 - INFO - GET request: /js/script.js
2025-02-21 21:28:31,038 - INFO - GET request: /js/movieDb.js
2025-02-21 21:28:31,307 - INFO - GET request: /data/movies/Furiosa_A_Mad_Max_Saga_2024.jpg
2025-02-21 21:28:31,359 - INFO - GET request: /data/movies.json
2025-02-21 21:28:32,046 - INFO - GET request: /data/movies/gma03bae06.jpg
2025-02-21 21:28:32,140 - INFO - GET request: /data/movies/gm70188fd3.jpg
2025-02-21 21:28:32,186 - INFO - GET request: /data/movies/gm6c5aac25.jpg
2025-02-21 21:28:32,755 - INFO - GET request: /data/movies/gm54cfd08b.jpg
2025-02-21 21:28:33,592 - INFO - GET request: /data/movies/gm40732337.jpg
2025-02-21 21:28:33,648 - INFO - GET request: /data/movies/gm18fa16c0.jpg
2025-02-21 21:28:33,736 - INFO - GET request: /data/movies/gm4d3327bf.jpg
2025-02-21 21:28:44,275 - INFO - GET request: /data/movies/gm1d92d7c9.jpg
2025-02-21 21:28:44,381 - INFO - GET request: /data/movies/gm2cdc7379.jpg
2025-02-21 21:28:44,425 - INFO - GET request: /data/movies/gma8d7851b.jpg
2025-02-21 21:28:44,503 - INFO - GET request: /data/movies/gm09f386f7.jpg
2025-02-21 21:28:49,416 - INFO - GET request: /data/movies/gm76e0f6f1.jpg
2025-02-21 21:28:49,463 - INFO - GET request: /data/movies/gm0729e5a3.jpg
2025-02-21 21:28:49,508 - INFO - GET request: /data/movies/gm8787c5fd.jpg
2025-02-21 21:28:49,614 - INFO - GET request: /data/movies/gmc5971592.jpg
2025-02-21 21:28:49,672 - INFO - GET request: /data/movies/gm5992b6aa.jpg
2025-02-21 21:29:08,425 - INFO - GET request: /data/movies/gm18fa16c0.jpg
2025-02-21 21:29:27,449 - INFO - GET request: /data/movies/gmaae9e1fc.jpg
2025-02-21 21:29:27,493 - INFO - GET request: /data/movies/gm54cfd08b.jpg
2025-02-21 21:29:46,462 - INFO - GET request: /data/movies/gm70188fd3.jpg
2025-02-21 21:30:05,469 - INFO - GET request: /data/movies/gmcffc7e1d.jpg
2025-02-21 21:30:05,526 - INFO - GET request: /data/movies/gm0e4e1dae.jpg
2025-02-21 21:30:24,489 - INFO - GET request: /data/movies/gm19735676.jpg
2025-02-21 21:30:24,547 - INFO - GET request: /data/movies/gm8787c5fd.jpg
2025-02-21 21:30:43,505 - DEBUG - Starting server on port 8888
2025-02-21 21:30:43,506 - DEBUG - Current working directory: /root/Projects/GTM
2025-02-21 21:30:43,506 - DEBUG - Client directory: /root/Projects/GTM/src/client
2025-02-21 21:30:43,506 - DEBUG - Data directory: /root/Projects/GTM/data
2025-02-21 21:30:43,507 - INFO - Server running on 0.0.0.0:8888
2025-02-21 21:30:43,507 - INFO - Try accessing via:
2025-02-21 21:30:43,507 - INFO - - http://localhost:8888
2025-02-21 21:30:43,507 - INFO - - http://127.0.0.1:8888
2025-02-21 21:30:43,508 - INFO - - http://[your-ip]:8888
2025-02-21 21:30:43,772 - INFO - GET request: /data/movies/gm4d3327bf.jpg
2025-02-21 21:31:02,497 - INFO - GET request: /data/movies/gmc5971592.jpg
2025-02-21 21:31:10,410 - INFO - GET request: /
2025-02-21 21:31:10,511 - INFO - GET request: /css/styles.css
2025-02-21 21:31:10,518 - INFO - GET request: /js/script.js
2025-02-21 21:31:10,844 - INFO - GET request: /data/movies/Furiosa_A_Mad_Max_Saga_2024.jpg
2025-02-21 21:31:10,909 - INFO - GET request: /data/movies.json
2025-02-21 21:31:11,011 - INFO - GET request: /data/movies/gmae40f02a.jpg
2025-02-21 21:31:11,235 - INFO - GET request: /data/movies/gm462782ac.jpg
2025-02-21 21:31:11,260 - INFO - GET request: /data/movies/gmd8b36b92.jpg
2025-02-21 21:31:11,315 - INFO - GET request: /data/movies/gm38f3fe84.jpg
2025-02-21 21:31:11,455 - INFO - GET request: /data/movies/gm17fe834d.jpg
2025-02-21 21:31:11,508 - INFO - GET request: /data/movies/gm44a838be.jpg
2025-02-21 21:31:11,528 - INFO - GET request: /data/movies/gm91a82c5f.jpg
2025-02-21 21:31:15,815 - INFO - GET request: /
2025-02-21 21:31:15,971 - INFO - GET request: /data/movies.json
2025-02-21 21:31:16,192 - INFO - GET request: /data/movies/gm71b7c51f.jpg
2025-02-21 21:31:16,301 - INFO - GET request: /data/movies/gm93834ee9.jpg
2025-02-21 21:31:16,327 - INFO - GET request: /data/movies/gm63dc7250.jpg
2025-02-21 21:31:16,343 - INFO - GET request: /data/movies/gm1289cd05.jpg
2025-02-21 21:31:16,456 - INFO - GET request: /data/movies/gm639c8571.jpg
2025-02-21 21:31:16,494 - INFO - GET request: /data/movies/gm0509b83f.jpg
2025-02-21 21:31:16,518 - INFO - GET request: /data/movies/gm38f3fe84.jpg
2025-02-21 21:31:19,998 - INFO - GET request: /
2025-02-21 21:31:20,023 - INFO - GET request: /css/styles.css
2025-02-21 21:31:20,159 - INFO - GET request: /data/movies.json
2025-02-21 21:31:20,337 - INFO - GET request: /data/movies/gm848b7a27.jpg
2025-02-21 21:31:20,439 - INFO - GET request: /data/movies/gmf0796303.jpg
2025-02-21 21:31:20,472 - INFO - GET request: /data/movies/gm2c782511.jpg
2025-02-21 21:31:20,491 - INFO - GET request: /data/movies/gm6f16d362.jpg
2025-02-21 21:31:20,599 - INFO - GET request: /data/movies/gmf80686bc.jpg
2025-02-21 21:31:20,634 - INFO - GET request: /data/movies/gm71b7c51f.jpg
2025-02-21 21:31:20,669 - INFO - GET request: /data/movies/gm2cdc7379.jpg
2025-02-21 21:31:26,123 - INFO - GET request: /data/movies/gmfadd09d6.jpg
2025-02-21 21:31:26,225 - INFO - GET request: /data/movies/gm1783998b.jpg
2025-02-21 21:31:26,272 - INFO - GET request: /data/movies/gm158dcabf.jpg
2025-02-21 21:31:26,351 - INFO - GET request: /data/movies/gm151ecbf4.jpg
2025-02-21 21:31:26,397 - INFO - GET request: /data/movies/gm7787d8c3.jpg
2025-02-21 21:31:31,558 - INFO - GET request: /data/movies/gmae40f02a.jpg
2025-02-21 21:31:31,662 - INFO - GET request: /data/movies/gmd2b96aa8.jpg
2025-02-21 21:31:31,731 - INFO - GET request: /data/movies/gm63dc7250.jpg
2025-02-21 21:31:50,664 - INFO - GET request: /data/movies/gm8fb7ba07.jpg
2025-02-21 21:31:50,695 - INFO - GET request: /data/movies/gm151ecbf4.jpg
2025-02-21 21:32:09,692 - INFO - GET request: /data/movies/gm6c239ffd.jpg
2025-02-21 21:32:09,796 - INFO - GET request: /data/movies/gm2f3f3c31.jpg
2025-02-21 21:32:28,793 - INFO - GET request: /data/movies/gm6f16d362.jpg
2025-02-21 21:32:28,825 - INFO - GET request: /data/movies/gmd8b36b92.jpg
2025-02-21 21:40:05,211 - DEBUG - Starting server on port 8888
2025-02-21 21:40:05,211 - DEBUG - Current working directory: /root/Projects/GTM
2025-02-21 21:40:05,211 - DEBUG - Client directory: /root/Projects/GTM/src/client
2025-02-21 21:40:05,211 - DEBUG - Data directory: /root/Projects/GTM/data
2025-02-21 21:40:05,212 - INFO - Server running on 0.0.0.0:8888
2025-02-21 21:40:05,212 - INFO - Try accessing via:
2025-02-21 21:40:05,212 - INFO - - http://localhost:8888
2025-02-21 21:40:05,212 - INFO - - http://127.0.0.1:8888
2025-02-21 21:40:05,213 - INFO - - http://[your-ip]:8888
2025-02-21 21:40:25,852 - INFO - GET request: /
2025-02-21 21:40:25,859 - INFO - GET request: /
2025-02-21 21:40:25,936 - INFO - GET request: /css/styles.css
2025-02-21 21:40:25,940 - INFO - GET request: /js/imageManager.js
2025-02-21 21:40:25,951 - INFO - GET request: /js/script.js
2025-02-21 21:40:26,271 - INFO - GET request: /data/movies/Furiosa_A_Mad_Max_Saga_2024.jpg
2025-02-21 21:40:26,369 - INFO - GET request: /data/movies.json
2025-02-21 21:40:27,067 - INFO - GET request: /data/movies/gm79ee9a06.jpg
2025-02-21 21:40:27,258 - INFO - GET request: /data/movies/gmd0f071e5.jpg
2025-02-21 21:40:27,260 - INFO - GET request: /data/movies/gm9276d440.jpg
2025-02-21 21:40:27,366 - INFO - GET request: /data/movies/gmc4a09711.jpg
2025-02-21 21:40:27,632 - INFO - GET request: /data/movies/gma2c49130.jpg
2025-02-21 21:40:27,698 - INFO - GET request: /data/movies/gmd6f9c50c.jpg
2025-02-21 21:40:27,754 - INFO - GET request: /data/movies/gm8fb7ba07.jpg
2025-02-21 21:40:37,362 - INFO - GET request: /data/movies/gm38f3fe84.jpg
2025-02-21 21:40:37,445 - INFO - GET request: /data/movies/gmaafef949.jpg
2025-02-21 21:40:37,481 - INFO - GET request: /data/movies/gm1c649d11.jpg
2025-02-21 21:40:37,603 - INFO - GET request: /data/movies/gm3eae72cc.jpg
2025-02-21 21:40:37,669 - INFO - GET request: /data/movies/gmd1978177.jpg
2025-02-21 21:40:37,708 - INFO - GET request: /data/movies/gm5a404c5f.jpg
2025-02-21 21:40:43,980 - INFO - GET request: /data/movies/gm08a4945c.jpg
2025-02-21 21:40:44,061 - INFO - GET request: /data/movies/gm08eb1940.jpg
2025-02-21 21:43:14,505 - DEBUG - Starting server on port 8888
2025-02-21 21:43:14,506 - DEBUG - Current working directory: /root/Projects/GTM
2025-02-21 21:43:14,506 - DEBUG - Client directory: /root/Projects/GTM/src/client
2025-02-21 21:43:14,506 - DEBUG - Data directory: /root/Projects/GTM/data
2025-02-21 21:43:14,506 - INFO - Server running on 0.0.0.0:8888
2025-02-21 21:43:14,506 - INFO - Try accessing via:
2025-02-21 21:43:14,506 - INFO - - http://localhost:8888
2025-02-21 21:43:14,506 - INFO - - http://127.0.0.1:8888
2025-02-21 21:43:14,507 - INFO - - http://[your-ip]:8888
2025-02-21 21:43:21,047 - INFO - GET request: /
2025-02-21 21:43:21,199 - INFO - GET request: /css/styles.css
2025-02-21 21:43:21,215 - INFO - GET request: /js/script.js
2025-02-21 21:43:21,599 - INFO - GET request: /data/movies.json
2025-02-21 21:43:21,613 - INFO - GET request: /data/movies/Furiosa_A_Mad_Max_Saga_2024.jpg
2025-02-21 21:43:21,834 - INFO - GET request: /data/movies/gm2dacfa86.jpg
2025-02-21 21:43:22,179 - INFO - GET request: /data/movies/gmf57964a4.jpg
2025-02-21 21:43:22,220 - INFO - GET request: /data/movies/gm36949ba2.jpg
2025-02-21 21:43:23,047 - INFO - GET request: /data/movies/gm1c649d11.jpg
2025-02-21 21:43:23,184 - INFO - GET request: /data/movies/gmd3c3ff8e.jpg
2025-02-21 21:43:23,234 - INFO - GET request: /data/movies/gm3727eb4b.jpg
2025-02-21 21:43:23,269 - INFO - GET request: /data/movies/gm5a404c5f.jpg
2025-02-21 21:43:30,142 - INFO - GET request: /data/movies/gm56c63be4.jpg
2025-02-21 21:43:30,232 - INFO - GET request: /data/movies/gm4501cdb5.jpg
2025-02-21 21:43:30,280 - INFO - GET request: /data/movies/gm4de10230.jpg
2025-02-21 21:43:31,196 - INFO - GET request: /data/movies/gma939e3ee.jpg
2025-02-21 21:43:31,228 - INFO - GET request: /data/movies/gm8bd0d959.jpg
2025-02-21 21:43:36,880 - INFO - GET request: /data/movies/gm730b31a7.jpg
2025-02-21 21:43:36,891 - INFO - GET request: /data/movies/gm95aa3aa4.jpg
2025-02-21 21:43:36,894 - INFO - GET request: /data/movies/gm36949ba2.jpg
2025-02-21 21:43:36,965 - INFO - GET request: /data/movies/gma8d7851b.jpg
2025-02-21 21:47:15,865 - DEBUG - Starting server on port 8888
2025-02-21 21:47:15,866 - DEBUG - Current working directory: /root/Projects/GTM
2025-02-21 21:47:15,866 - DEBUG - Client directory: /root/Projects/GTM/src/client
2025-02-21 21:47:15,866 - DEBUG - Data directory: /root/Projects/GTM/data
2025-02-21 21:47:15,866 - INFO - Server running on 0.0.0.0:8888
2025-02-21 21:47:15,866 - INFO - Try accessing via:
2025-02-21 21:47:15,867 - INFO - - http://localhost:8888
2025-02-21 21:47:15,867 - INFO - - http://127.0.0.1:8888
2025-02-21 21:47:15,867 - INFO - - http://[your-ip]:8888
2025-02-21 21:49:54,165 - INFO - GET request: /
2025-02-21 21:49:54,313 - INFO - GET request: /js/imageManager.js
2025-02-21 21:49:54,315 - INFO - GET request: /css/styles.css
2025-02-21 21:49:54,316 - INFO - GET request: /js/script.js
2025-02-21 21:49:54,664 - INFO - GET request: /data/movies/Furiosa_A_Mad_Max_Saga_2024.jpg
2025-02-21 21:49:54,710 - INFO - GET request: /data/movies.json
2025-02-21 21:49:55,285 - INFO - GET request: /data/movies/gm2c254c24.jpg
2025-02-21 21:49:55,462 - INFO - GET request: /data/movies/gm7dad8777.jpg
2025-02-21 21:49:55,504 - INFO - GET request: /data/movies/gm5a404c5f.jpg
2025-02-21 21:49:55,518 - INFO - GET request: /data/movies/gm56c63be4.jpg
2025-02-21 21:49:55,625 - INFO - GET request: /data/movies/gm69cc21fe.jpg
2025-02-21 21:49:55,678 - INFO - GET request: /data/movies/gmf5b8920e.jpg
2025-02-21 21:49:55,734 - INFO - GET request: /data/movies/gm36949ba2.jpg
2025-02-21 21:50:09,374 - INFO - GET request: /data/movies/gm21712215.jpg
2025-02-21 21:50:09,486 - INFO - GET request: /data/movies/gmc630fb51.jpg
2025-02-21 21:50:09,545 - INFO - GET request: /data/movies/gme419b3fa.jpg
2025-02-21 21:50:09,580 - INFO - GET request: /data/movies/gm54cfd08b.jpg
2025-02-21 21:50:16,018 - INFO - GET request: /data/movies/gmba072f06.jpg
2025-02-21 21:50:16,141 - INFO - GET request: /data/movies/gma1d5c1cd.jpg
2025-02-21 21:50:16,181 - INFO - GET request: /data/movies/gmbe95acb9.jpg
2025-02-21 21:50:28,566 - INFO - GET request: /data/movies/gm415d6e6f.jpg
2025-02-21 21:51:19,153 - DEBUG - Starting server on port 8888
2025-02-21 21:51:19,154 - DEBUG - Current working directory: /root/Projects/GTM
2025-02-21 21:51:19,154 - DEBUG - Client directory: /root/Projects/GTM/src/client
2025-02-21 21:51:19,154 - DEBUG - Data directory: /root/Projects/GTM/data
2025-02-21 21:51:19,154 - INFO - Server running on 0.0.0.0:8888
2025-02-21 21:51:19,155 - INFO - Try accessing via:
2025-02-21 21:51:19,155 - INFO - - http://localhost:8888
2025-02-21 21:51:19,155 - INFO - - http://127.0.0.1:8888
2025-02-21 21:51:19,155 - INFO - - http://[your-ip]:8888
2025-02-21 21:51:29,852 - INFO - GET request: /
2025-02-21 21:51:30,053 - INFO - GET request: /css/styles.css
2025-02-21 21:51:30,203 - INFO - GET request: /data/movies.json
2025-02-21 21:51:30,501 - INFO - GET request: /data/movies/gm8ca508a3.jpg
2025-02-21 21:51:30,605 - INFO - GET request: /data/movies/gmdb88a36c.jpg
2025-02-21 21:51:30,655 - INFO - GET request: /data/movies/gmc04c51a6.jpg
2025-02-21 21:51:31,333 - INFO - GET request: /data/movies/gm44a838be.jpg
2025-02-21 21:51:31,432 - INFO - GET request: /data/movies/gm3fa796de.jpg
2025-02-21 21:51:31,492 - INFO - GET request: /data/movies/gm0815e71b.jpg
2025-02-21 21:51:31,985 - INFO - GET request: /data/movies/gmf0b2f10e.jpg
2025-02-21 21:51:37,728 - INFO - GET request: /data/movies/gm4d3327bf.jpg
2025-02-21 21:51:37,796 - INFO - GET request: /data/movies/gm6f16d362.jpg
2025-02-21 21:51:37,888 - INFO - GET request: /data/movies/gm7b2c904e.jpg
2025-02-21 21:51:37,896 - INFO - GET request: /data/movies/gm3727eb4b.jpg
2025-02-21 21:51:43,105 - INFO - GET request: /data/movies/gm0d521e3a.jpg
2025-02-21 21:51:43,193 - INFO - GET request: /data/movies/gm9b7be14a.jpg
2025-02-21 21:51:43,283 - INFO - GET request: /data/movies/gm7fa952a6.jpg
2025-02-21 21:51:48,595 - INFO - GET request: /data/movies/gm64a8b59b.jpg
2025-02-21 21:51:53,643 - INFO - GET request: /data/movies/gm8ef6d1b7.jpg
2025-02-21 21:51:53,726 - INFO - GET request: /data/movies/gm8ba7faa2.jpg
2025-02-21 21:51:53,728 - INFO - GET request: /data/movies/gm3d0efb5e.jpg
2025-02-21 21:51:54,126 - INFO - GET request: /data/movies/gmc49a1477.jpg
2025-02-21 21:52:43,995 - DEBUG - Starting server on port 8888
2025-02-21 21:52:43,996 - DEBUG - Current working directory: /root/Projects/GTM
2025-02-21 21:52:43,996 - DEBUG - Client directory: /root/Projects/GTM/src/client
2025-02-21 21:52:43,996 - DEBUG - Data directory: /root/Projects/GTM/data
2025-02-21 21:52:43,996 - INFO - Server running on 0.0.0.0:8888
2025-02-21 21:52:43,996 - INFO - Try accessing via:
2025-02-21 21:52:43,996 - INFO - - http://localhost:8888
2025-02-21 21:52:43,996 - INFO - - http://127.0.0.1:8888
2025-02-21 21:52:43,996 - INFO - - http://[your-ip]:8888
2025-02-21 21:52:48,174 - INFO - GET request: /data/movies/gmfe6e7322.jpg
2025-02-21 21:52:48,210 - INFO - GET request: /data/movies/gm8ef6d1b7.jpg
2025-02-21 21:53:00,919 - INFO - GET request: /data/movies/gm3fa796de.jpg
2025-02-21 21:53:07,705 - INFO - GET request: /data/movies/gmc04c51a6.jpg
2025-02-21 21:53:12,909 - INFO - GET request: /data/movies/gm6f16d362.jpg
2025-02-21 21:53:18,378 - INFO - GET request: /data/movies/gm3727eb4b.jpg
2025-02-21 21:53:23,722 - INFO - GET request: /data/movies/gm0d521e3a.jpg
2025-02-21 21:53:28,391 - INFO - GET request: /data/movies/gm8ca508a3.jpg
2025-02-21 21:53:33,484 - INFO - GET request: /data/movies/gm0815e71b.jpg
2025-02-21 21:56:46,354 - DEBUG - Starting server on port 8888
2025-02-21 21:56:46,354 - DEBUG - Current working directory: /root/Projects/GTM
2025-02-21 21:56:46,354 - DEBUG - Client directory: /root/Projects/GTM/src/client
2025-02-21 21:56:46,354 - DEBUG - Data directory: /root/Projects/GTM/data
2025-02-21 21:56:46,354 - INFO - Server running on 0.0.0.0:8888
2025-02-21 21:56:46,355 - INFO - Try accessing via:
2025-02-21 21:56:46,355 - INFO - - http://localhost:8888
2025-02-21 21:56:46,355 - INFO - - http://127.0.0.1:8888
2025-02-21 21:56:46,355 - INFO - - http://[your-ip]:8888
2025-02-21 21:56:55,067 - INFO - GET request: /
2025-02-21 21:56:55,126 - INFO - GET request: /css/styles.css
2025-02-21 21:56:55,151 - INFO - GET request: /js/script.js
2025-02-21 21:56:55,153 - INFO - GET request: /js/imageManager.js
2025-02-21 21:56:55,526 - INFO - GET request: /data/movies.json
2025-02-21 21:56:55,931 - INFO - GET request: /data/movies/gm462782ac.jpg
2025-02-21 21:56:56,006 - INFO - GET request: /data/movies/gm1e9e0e14.jpg
2025-02-21 21:56:56,040 - INFO - GET request: /data/movies/gm93834ee9.jpg
2025-02-21 21:56:56,070 - INFO - GET request: /data/movies/gm7787d8c3.jpg
2025-02-21 21:56:56,172 - INFO - GET request: /data/movies/gm09f386f7.jpg
2025-02-21 21:56:56,182 - INFO - GET request: /data/movies/gm6423887d.jpg
2025-02-21 21:56:56,209 - INFO - GET request: /data/movies/gm554747f7.jpg
2025-02-21 21:57:04,372 - INFO - GET request: /data/movies/gm93831101.jpg
2025-02-21 21:57:04,466 - INFO - GET request: /data/movies/gm6ec9934a.jpg
2025-02-21 21:57:04,498 - INFO - GET request: /data/movies/gm3eae72cc.jpg
2025-02-21 21:57:04,537 - INFO - GET request: /data/movies/gm3fa796de.jpg
2025-02-21 21:57:05,122 - INFO - GET request: /data/movies/gmdec667c6.jpg
2025-02-21 21:57:05,170 - INFO - GET request: /data/movies/gm8bd0d959.jpg
2025-02-21 21:57:10,852 - INFO - GET request: /data/movies/gmaae9e1fc.jpg
2025-02-21 21:57:10,939 - INFO - GET request: /data/movies/gme2179dbb.jpg
2025-02-21 21:57:21,996 - INFO - GET request: /data/movies/gm9807f775.jpg
2025-02-21 21:57:22,073 - INFO - GET request: /data/movies/gmfe6e7322.jpg
2025-02-21 21:57:28,064 - INFO - GET request: /data/movies/gmb76b0823.jpg
2025-02-21 21:57:28,164 - INFO - GET request: /data/movies/gm62ced758.jpg
2025-02-21 21:57:34,557 - INFO - GET request: /data/movies/gmaae9e1fc.jpg
2025-02-21 21:57:45,605 - INFO - GET request: /data/movies/gm62ced758.jpg
2025-02-21 21:57:52,488 - INFO - GET request: /data/movies/gmb76b0823.jpg
2025-02-21 21:57:58,231 - INFO - GET request: /data/movies/gm462782ac.jpg
2025-02-21 21:58:16,961 - INFO - GET request: /data/movies/gm6276188b.jpg
2025-02-21 21:58:16,979 - INFO - GET request: /data/movies/gm3fa796de.jpg
2025-02-21 21:58:25,531 - INFO - GET request: /data/movies/gm93831101.jpg
2025-02-21 21:58:31,513 - INFO - GET request: /data/movies/gmb76b0823.jpg
2025-02-21 21:58:38,744 - INFO - GET request: /data/movies/gm7787d8c3.jpg
2025-02-21 21:58:54,046 - INFO - GET request: /data/movies/gm9807f775.jpg
2025-02-21 21:59:00,966 - INFO - GET request: /data/movies/gm1e9e0e14.jpg
2025-02-21 21:59:07,204 - INFO - GET request: /data/movies/gm93831101.jpg
2025-02-21 21:59:14,900 - INFO - GET request: /data/movies/gm09f386f7.jpg
2025-02-21 21:59:20,816 - INFO - GET request: /data/movies/gmdec667c6.jpg
2025-02-21 21:59:27,151 - INFO - GET request: /data/movies/gm8bd0d959.jpg
2025-02-21 22:01:15,521 - DEBUG - Starting server on port 8888
2025-02-21 22:01:15,521 - DEBUG - Current working directory: /root/Projects/GTM
2025-02-21 22:01:15,521 - DEBUG - Client directory: /root/Projects/GTM/src/client
2025-02-21 22:01:15,521 - DEBUG - Data directory: /root/Projects/GTM/data
2025-02-21 22:01:15,521 - INFO - Server running on 0.0.0.0:8888
2025-02-21 22:01:15,521 - INFO - Try accessing via:
2025-02-21 22:01:15,522 - INFO - - http://localhost:8888
2025-02-21 22:01:15,522 - INFO - - http://127.0.0.1:8888
2025-02-21 22:01:15,522 - INFO - - http://[your-ip]:8888
2025-02-21 22:01:36,701 - INFO - GET request: /
2025-02-21 22:01:36,752 - INFO - GET request: /css/styles.css
2025-02-21 22:01:36,813 - INFO - GET request: /js/script.js
2025-02-21 22:01:37,136 - INFO - GET request: /data/movies.json
2025-02-21 22:01:37,756 - INFO - GET request: /data/movies/gm7e79bc0f.jpg
2025-02-21 22:01:37,923 - INFO - GET request: /data/movies/gmaf4ce5b6.jpg
2025-02-21 22:01:37,954 - INFO - GET request: /data/movies/gm5683e167.jpg
2025-02-21 22:01:37,998 - INFO - GET request: /data/movies/gm73817a1d.jpg
2025-02-21 22:01:38,170 - INFO - GET request: /data/movies/gmd7b1b6de.jpg
2025-02-21 22:01:38,212 - INFO - GET request: /data/movies/gm0a71c5f4.jpg
2025-02-21 22:01:38,213 - INFO - GET request: /data/movies/gm9c04d5ed.jpg
2025-02-21 22:01:47,740 - INFO - GET request: /data/movies/gm08a4945c.jpg
2025-02-21 22:01:47,795 - INFO - GET request: /data/movies/gm2cdc7379.jpg
2025-02-21 22:01:47,870 - INFO - GET request: /data/movies/gmd7adeeac.jpg
2025-02-21 22:01:47,909 - INFO - GET request: /data/movies/gm4de10230.jpg
2025-02-21 22:01:53,511 - INFO - GET request: /data/movies/gm1289cd05.jpg
2025-02-21 22:02:00,528 - INFO - GET request: /data/movies/gm25a5a151.jpg
2025-02-21 22:02:00,622 - INFO - GET request: /data/movies/gmf57964a4.jpg
2025-02-21 22:02:00,725 - INFO - GET request: /data/movies/gmba69acc7.jpg
2025-02-21 22:02:06,566 - INFO - GET request: /data/movies/gm8591e2ed.jpg
2025-02-21 22:02:06,574 - INFO - GET request: /data/movies/gm56c63be4.jpg
2025-02-21 22:02:06,654 - INFO - GET request: /data/movies/gm7dad8777.jpg
2025-02-21 22:02:13,482 - INFO - GET request: /data/movies/gmc5971592.jpg
2025-02-21 22:02:20,174 - INFO - GET request: /data/movies/gm4de10230.jpg
2025-02-21 22:02:27,097 - INFO - GET request: /data/movies/gm0a71c5f4.jpg
2025-02-21 22:02:35,372 - INFO - GET request: /data/movies/gm56c63be4.jpg
2025-02-21 22:02:42,812 - INFO - GET request: /data/movies/gm4de10230.jpg
2025-02-21 22:02:49,690 - INFO - GET request: /data/movies/gm1289cd05.jpg
2025-02-21 22:02:49,753 - INFO - GET request: /data/movies/gm54cfd08b.jpg
2025-02-21 22:02:57,447 - INFO - GET request: /data/movies/gmc5971592.jpg
2025-02-21 22:03:04,063 - INFO - GET request: /data/movies/gmaf4ce5b6.jpg
2025-02-21 22:03:11,008 - INFO - GET request: /data/movies/gm5683e167.jpg
2025-02-21 22:03:24,097 - INFO - GET request: /data/movies/gm25a5a151.jpg
2025-02-21 22:03:42,972 - INFO - GET request: /data/movies/gm73817a1d.jpg
2025-02-21 22:03:50,260 - INFO - GET request: /data/movies/gmd7b1b6de.jpg
2025-02-21 22:03:57,358 - INFO - GET request: /data/movies/gm0a71c5f4.jpg
2025-02-21 22:06:02,932 - DEBUG - Starting server on port 8888
2025-02-21 22:06:02,933 - DEBUG - Current working directory: /root/Projects/GTM
2025-02-21 22:06:02,934 - DEBUG - Client directory: /root/Projects/GTM/src/client
2025-02-21 22:06:02,934 - DEBUG - Data directory: /root/Projects/GTM/data
2025-02-21 22:06:02,935 - INFO - Server running on 0.0.0.0:8888
2025-02-21 22:06:02,936 - INFO - Try accessing via:
2025-02-21 22:06:02,936 - INFO - - http://localhost:8888
2025-02-21 22:06:02,937 - INFO - - http://127.0.0.1:8888
2025-02-21 22:06:02,937 - INFO - - http://[your-ip]:8888
2025-02-21 22:06:08,749 - INFO - GET request: /
2025-02-21 22:06:08,839 - INFO - GET request: /css/styles.css
2025-02-21 22:06:08,843 - INFO - GET request: /js/imageManager.js
2025-02-21 22:06:08,849 - INFO - GET request: /js/script.js
2025-02-21 22:06:09,205 - INFO - GET request: /data/movies.json
2025-02-21 22:06:09,662 - INFO - GET request: /data/movies/gm3eae72cc.jpg
2025-02-21 22:06:09,822 - INFO - GET request: /data/movies/gm82215394.jpg
2025-02-21 22:06:09,857 - INFO - GET request: /data/movies/gm6423887d.jpg
2025-02-21 22:06:09,889 - INFO - GET request: /data/movies/gm1783998b.jpg
2025-02-21 22:06:10,012 - INFO - GET request: /data/movies/gmf98c5394.jpg
2025-02-21 22:06:10,084 - INFO - GET request: /data/movies/gmf1632d7c.jpg
2025-02-21 22:06:10,130 - INFO - GET request: /data/movies/gm64a8b59b.jpg
2025-02-21 22:06:15,971 - INFO - GET request: /data/movies/gm545b5b63.jpg
2025-02-21 22:06:16,073 - INFO - GET request: /data/movies/gm46ac8f6b.jpg
2025-02-21 22:06:16,188 - INFO - GET request: /data/movies/gmc546bcc7.jpg
2025-02-21 22:06:16,236 - INFO - GET request: /data/movies/gmba69acc7.jpg
2025-02-21 22:06:24,743 - INFO - GET request: /data/movies/gma1df0ad7.jpg
2025-02-21 22:06:24,843 - INFO - GET request: /data/movies/gm0f93f06a.jpg
2025-02-21 22:06:24,871 - INFO - GET request: /data/movies/gm705956f3.jpg
2025-02-21 22:06:24,922 - INFO - GET request: /data/movies/gm069d1df1.jpg
2025-02-21 22:06:24,988 - INFO - GET request: /data/movies/gma0dcf269.jpg
2025-02-21 22:06:25,027 - INFO - GET request: /data/movies/gmd2b96aa8.jpg
2025-02-21 22:06:32,218 - INFO - GET request: /data/movies/gm73817a1d.jpg
2025-02-21 22:06:46,617 - INFO - GET request: /data/movies/gm6b67748f.jpg
2025-02-21 22:06:53,451 - INFO - GET request: /data/movies/gma566c498.jpg
2025-02-21 22:06:53,467 - INFO - GET request: /data/movies/gmf98c5394.jpg
2025-02-21 22:07:00,658 - INFO - GET request: /data/movies/gm545b5b63.jpg
2025-02-21 22:07:30,616 - INFO - GET request: /data/movies/gm6b67748f.jpg
2025-02-21 22:07:37,788 - INFO - GET request: /data/movies/gm3eae72cc.jpg
2025-02-21 22:07:56,798 - INFO - GET request: /data/movies/gm545b5b63.jpg
2025-02-21 22:08:15,808 - INFO - GET request: /data/movies/gm705956f3.jpg
2025-02-21 22:08:34,828 - INFO - GET request: /data/movies/gmf1632d7c.jpg
2025-02-21 22:08:53,837 - INFO - GET request: /data/movies/gm0f93f06a.jpg
2025-02-21 22:09:12,851 - INFO - GET request: /data/movies/gm64a8b59b.jpg
2025-02-21 22:09:31,869 - INFO - GET request: /data/movies/gm0f93f06a.jpg
2025-02-21 22:09:50,877 - INFO - GET request: /data/movies/gm069d1df1.jpg
2025-02-21 22:10:28,895 - INFO - GET request: /data/movies/gm6b67748f.jpg
2025-02-21 22:15:23,404 - DEBUG - Starting server on port 8888
2025-02-21 22:15:23,405 - DEBUG - Current working directory: /root/Projects/GTM
2025-02-21 22:15:23,405 - DEBUG - Client directory: /root/Projects/GTM/src/client
2025-02-21 22:15:23,405 - DEBUG - Data directory: /root/Projects/GTM/data
2025-02-21 22:15:23,405 - INFO - Server running on 0.0.0.0:8888
2025-02-21 22:15:23,406 - INFO - Try accessing via:
2025-02-21 22:15:23,406 - INFO - - http://localhost:8888
2025-02-21 22:15:23,406 - INFO - - http://127.0.0.1:8888
2025-02-21 22:15:23,406 - INFO - - http://[your-ip]:8888
2025-02-21 22:15:33,010 - INFO - GET request: /
2025-02-21 22:15:33,194 - INFO - GET request: /css/styles.css
2025-02-21 22:15:33,201 - INFO - GET request: /js/imageManager.js
2025-02-21 22:15:33,210 - INFO - GET request: /js/script.js
2025-02-21 22:15:33,445 - INFO - GET request: /data/movies.json
2025-02-21 22:15:33,844 - INFO - GET request: /data/movies/gmc49a1477.jpg
2025-02-21 22:15:33,971 - INFO - GET request: /data/movies/gm8a65f1d0.jpg
2025-02-21 22:15:34,000 - INFO - GET request: /data/movies/gm0729e5a3.jpg
2025-02-21 22:15:34,034 - INFO - GET request: /data/movies/gm158dcabf.jpg
2025-02-21 22:15:34,105 - INFO - GET request: /data/movies/gmcc9dcb79.jpg
2025-02-21 22:15:34,129 - INFO - GET request: /data/movies/gm0f93f06a.jpg
2025-02-21 22:15:34,155 - INFO - GET request: /data/movies/gm415d6e6f.jpg
2025-02-21 22:15:41,688 - INFO - GET request: /data/movies/gm364fc22c.jpg
2025-02-21 22:15:41,755 - INFO - GET request: /data/movies/gm50a9b0a8.jpg
2025-02-21 22:15:41,771 - INFO - GET request: /data/movies/gm38f3fe84.jpg
2025-02-21 22:15:41,825 - INFO - GET request: /data/movies/gme634d01a.jpg
2025-02-21 22:15:41,849 - INFO - GET request: /data/movies/gm46ac8f6b.jpg
2025-02-21 22:15:49,897 - INFO - GET request: /data/movies/gm462782ac.jpg
2025-02-21 22:15:49,998 - INFO - GET request: /data/movies/gmaa74fa0f.jpg
2025-02-21 22:15:50,030 - INFO - GET request: /data/movies/gm0de52ace.jpg
2025-02-21 22:15:58,928 - INFO - GET request: /data/movies/gm8cbacc28.jpg
2025-02-21 22:16:06,695 - INFO - GET request: /data/movies/gm38f3fe84.jpg
2025-02-21 22:16:13,968 - INFO - GET request: /data/movies/gm0f838310.jpg
2025-02-21 22:16:14,003 - INFO - GET request: /data/movies/gmcc9dcb79.jpg
2025-02-21 22:16:20,428 - INFO - GET request: /data/movies/gm364fc22c.jpg
2025-02-21 22:16:20,469 - INFO - GET request: /data/movies/gm848b7a27.jpg
2025-02-21 22:16:29,741 - INFO - GET request: /data/movies/gmcc9dcb79.jpg
2025-02-21 22:16:29,789 - INFO - GET request: /data/movies/gm8ef6d1b7.jpg
2025-02-21 22:16:38,625 - INFO - GET request: /data/movies/gme634d01a.jpg
2025-02-21 22:16:46,481 - INFO - GET request: /data/movies/gm0f93f06a.jpg
2025-02-21 22:17:01,089 - INFO - GET request: /data/movies/gm97100b7e.jpg
2025-02-21 22:17:07,704 - INFO - GET request: /data/movies/gmaa74fa0f.jpg
2025-02-21 22:17:14,542 - INFO - GET request: /data/movies/gm462782ac.jpg
2025-02-21 22:17:21,782 - INFO - GET request: /data/movies/gm0729e5a3.jpg
2025-02-21 22:17:30,263 - INFO - GET request: /data/movies/gmaa74fa0f.jpg
2025-02-21 22:17:36,751 - INFO - GET request: /data/movies/gme634d01a.jpg
2025-02-21 22:17:46,137 - INFO - GET request: /data/movies/gmaa74fa0f.jpg
2025-02-21 22:17:53,816 - INFO - GET request: /data/movies/gm97100b7e.jpg
2025-02-21 22:18:01,348 - INFO - GET request: /data/movies/gmaa74fa0f.jpg
2025-02-21 22:21:00,937 - DEBUG - Starting server on port 8888
2025-02-21 22:21:00,938 - DEBUG - Current working directory: /root/Projects/GTM
2025-02-21 22:21:00,938 - DEBUG - Client directory: /root/Projects/GTM/src/client
2025-02-21 22:21:00,938 - DEBUG - Data directory: /root/Projects/GTM/data
2025-02-21 22:21:00,938 - INFO - Server running on 0.0.0.0:8888
2025-02-21 22:21:00,939 - INFO - Try accessing via:
2025-02-21 22:21:00,939 - INFO - - http://localhost:8888
2025-02-21 22:21:00,939 - INFO - - http://127.0.0.1:8888
2025-02-21 22:21:00,939 - INFO - - http://[your-ip]:8888
2025-02-21 22:21:29,465 - INFO - GET request: /css/styles.css
2025-02-21 22:21:35,835 - INFO - GET request: /
2025-02-21 22:21:35,894 - INFO - GET request: /js/script.js
2025-02-21 22:21:36,222 - INFO - GET request: /data/movies.json
2025-02-21 22:21:36,646 - INFO - GET request: /data/movies/gm44a838be.jpg
2025-02-21 22:21:36,790 - INFO - GET request: /data/movies/gm48357c2b.jpg
2025-02-21 22:21:36,820 - INFO - GET request: /data/movies/gm5992b6aa.jpg
2025-02-21 22:21:36,864 - INFO - GET request: /data/movies/gm4d3327bf.jpg
2025-02-21 22:21:36,977 - INFO - GET request: /data/movies/gmd0a9542e.jpg
2025-02-21 22:21:37,021 - INFO - GET request: /data/movies/gmaae9e1fc.jpg
2025-02-21 22:21:37,032 - INFO - GET request: /data/movies/gm2cdc7379.jpg
2025-02-21 22:21:43,444 - INFO - GET request: /data/movies/gmcc9dcb79.jpg
2025-02-21 22:21:43,546 - INFO - GET request: /data/movies/gme15a2d9d.jpg
2025-02-21 22:21:43,620 - INFO - GET request: /data/movies/gm7d896835.jpg
2025-02-21 22:21:43,672 - INFO - GET request: /data/movies/gmaafef949.jpg
2025-02-21 22:21:50,062 - INFO - GET request: /data/movies/gm8ca508a3.jpg
2025-02-21 22:21:59,552 - INFO - GET request: /data/movies/gm7fa952a6.jpg
2025-02-21 22:21:59,626 - INFO - GET request: /data/movies/gm3727eb4b.jpg
2025-02-21 22:22:09,316 - INFO - GET request: /data/movies/gm2cdc7379.jpg
2025-02-21 22:22:09,384 - INFO - GET request: /data/movies/gme1530430.jpg
2025-02-21 22:22:09,429 - INFO - GET request: /data/movies/gm6276188b.jpg
2025-02-21 22:22:18,201 - INFO - GET request: /data/movies/gm9807f775.jpg
2025-02-21 22:22:18,590 - INFO - GET request: /data/movies/gmfe6e7322.jpg
2025-02-21 22:22:29,466 - INFO - GET request: /data/movies/gm48357c2b.jpg
2025-02-21 22:22:39,570 - INFO - GET request: /data/movies/gm0def23d0.jpg
2025-02-21 22:22:39,619 - INFO - GET request: /data/movies/gme1530430.jpg
2025-02-21 22:22:51,398 - INFO - GET request: /data/movies/gmfe6e7322.jpg
2025-02-21 22:23:02,337 - INFO - GET request: /data/movies/gm48357c2b.jpg
2025-02-21 22:23:02,352 - INFO - GET request: /data/movies/gm0729e5a3.jpg
2025-02-21 22:23:10,834 - INFO - GET request: /data/movies/gm3727eb4b.jpg
2025-02-21 22:23:21,353 - INFO - GET request: /data/movies/gmfe6e7322.jpg
2025-02-21 22:23:31,895 - INFO - GET request: /data/movies/gmd0a9542e.jpg
2025-02-21 22:23:39,354 - INFO - GET request: /data/movies/gme15a2d9d.jpg
2025-02-21 22:23:46,215 - INFO - GET request: /data/movies/gmcc9dcb79.jpg
2025-02-21 22:23:53,495 - INFO - GET request: /data/movies/gm3727eb4b.jpg
2025-02-21 22:24:00,109 - INFO - GET request: /data/movies/gm6276188b.jpg
2025-02-21 22:24:09,542 - INFO - GET request: /data/movies/gmcc9dcb79.jpg
2025-02-21 22:24:16,307 - INFO - GET request: /data/movies/gm0def23d0.jpg
2025-02-21 22:24:23,330 - INFO - GET request: /data/movies/gme1530430.jpg
2025-02-21 22:24:31,839 - INFO - GET request: /data/movies/gm6276188b.jpg
2025-02-21 22:24:37,926 - INFO - GET request: /data/movies/gmaafef949.jpg
2025-02-21 22:24:45,435 - INFO - GET request: /data/movies/gmfe6e7322.jpg
2025-02-21 22:24:54,459 - INFO - GET request: /data/movies/gmaafef949.jpg
2025-02-21 22:25:02,505 - INFO - GET request: /data/movies/gm6276188b.jpg
2025-02-21 22:30:19,758 - DEBUG - Starting server on port 8888
2025-02-21 22:30:19,758 - DEBUG - Current working directory: /root/Projects/GTM
2025-02-21 22:30:19,758 - DEBUG - Client directory: /root/Projects/GTM/src/client
2025-02-21 22:30:19,759 - DEBUG - Data directory: /root/Projects/GTM/data
2025-02-21 22:30:19,759 - INFO - Server running on 0.0.0.0:8888
2025-02-21 22:30:19,760 - INFO - Try accessing via:
2025-02-21 22:30:19,760 - INFO - - http://localhost:8888
2025-02-21 22:30:19,760 - INFO - - http://127.0.0.1:8888
2025-02-21 22:30:19,760 - INFO - - http://[your-ip]:8888
2025-02-21 22:32:00,344 - INFO - GET request: /
2025-02-21 22:32:00,498 - INFO - GET request: /css/styles.css
2025-02-21 22:32:00,500 - INFO - GET request: /js/imageManager.js
2025-02-21 22:32:00,502 - INFO - GET request: /js/script.js
2025-02-21 22:32:00,793 - INFO - GET request: /data/movies.json
