2024-12-08 20:42:03,647 - INFO - Server running on port 8888
2024-12-08 20:42:03,647 - INFO - Client directory: /root/CascadeProjects/GTM/src/client
2024-12-08 20:42:03,647 - INFO - Data directory: /root/CascadeProjects/GTM/data
2024-12-08 20:42:17,970 - INFO - GET request: /
2024-12-08 20:42:18,499 - INFO - GET request: /css/styles.css
2024-12-08 20:42:18,536 - INFO - GET request: /js/config.js
2024-12-08 20:42:18,624 - INFO - GET request: /js/movieDb.js
2024-12-08 20:42:18,670 - INFO - GET request: /js/script.js
2024-12-08 20:43:04,097 - INFO - GET request: /
2024-12-08 20:45:43,597 - INFO - GET request: /
2024-12-08 20:45:59,584 - INFO - GET request: /
2024-12-08 20:54:22,422 - INFO - GET request: /
2024-12-08 20:54:22,444 - INFO - GET request: /
2024-12-08 20:57:00,856 - INFO - GET request: /
2024-12-08 20:59:43,688 - INFO - GET request: /
2024-12-08 21:02:38,440 - INFO - GET request: /
2024-12-08 21:04:01,547 - INFO - GET request: /data/movies/gm05f12cb3.jpg
2024-12-08 21:08:24,830 - INFO - GET request: /
2024-12-08 21:08:49,236 - INFO - GET request: /
2024-12-08 21:15:29,871 - ERROR - Server error: [Errno 98] Address already in use
2024-12-20 10:28:30,721 - INFO - Server running on port 8888
2024-12-20 10:28:30,721 - INFO - Client directory: /root/Projects/GTM/src/client
2024-12-20 10:28:30,722 - INFO - Data directory: /root/Projects/GTM/data
2024-12-20 10:34:43,123 - INFO - GET request: /
